<?xml version="1.0" encoding="UTF-8"?>
<testng-results ignored="0" total="1" passed="1" failed="0" skipped="0">
  <reporter-output>
  </reporter-output>
  <suite started-at="2019-05-22T13:27:54Z" name="Default suite" finished-at="2019-05-22T13:27:56Z" duration-ms="2832">
    <groups>
    </groups>
    <test started-at="2019-05-22T13:27:54Z" name="Default test" finished-at="2019-05-22T13:27:56Z" duration-ms="2832">
      <class name="com.mvnPrjt.NewTest">
        <test-method signature="f()[pri:0, instance:com.mvnPrjt.NewTest@48aca48b]" started-at="2019-05-22T13:27:54Z" name="f" finished-at="2019-05-22T13:27:56Z" duration-ms="2811" status="PASS">
          <reporter-output>
          </reporter-output>
        </test-method> <!-- f -->
      </class> <!-- com.mvnPrjt.NewTest -->
    </test> <!-- Default test -->
  </suite> <!-- Default suite -->
</testng-results>
